[2023-01-06 15:18:25] local.DEBUG: {"image":null,"profile_photo_url":"https:\/\/ui-avatars.com\/api\/?name=&color=7F9CF5&background=EBF4FF"}  
[2023-01-06 15:38:52] local.ERROR: Invalid numeric literal {"view":{"view":"/home/hanta/Desktop/Tackle Shop/Tackle_shop_admin/resources/views/adminList/index.blade.php","data":[]},"userId":3,"exception":"[object] (Spatie\\LaravelIgnition\\Exceptions\\ViewException(code: 0): Invalid numeric literal at /home/hanta/Desktop/Tackle Shop/Tackle_shop_admin/resources/views/adminList/index.blade.php:45)
[stacktrace]
#0 /home/hanta/Desktop/Tackle Shop/Tackle_shop_admin/vendor/laravel/framework/src/Illuminate/Filesystem/Filesystem.php(110): Illuminate\\Filesystem\\Filesystem::Illuminate\\Filesystem\\{closure}()
#1 /home/hanta/Desktop/Tackle Shop/Tackle_shop_admin/vendor/laravel/framework/src/Illuminate/View/Engines/PhpEngine.php(58): Illuminate\\Filesystem\\Filesystem->getRequire()
#2 /home/hanta/Desktop/Tackle Shop/Tackle_shop_admin/vendor/livewire/livewire/src/ComponentConcerns/RendersLivewireComponents.php(69): Illuminate\\View\\Engines\\PhpEngine->evaluatePath()
#3 /home/hanta/Desktop/Tackle Shop/Tackle_shop_admin/vendor/laravel/framework/src/Illuminate/View/Engines/CompilerEngine.php(70): Livewire\\LivewireViewCompilerEngine->evaluatePath()
#4 /home/hanta/Desktop/Tackle Shop/Tackle_shop_admin/vendor/livewire/livewire/src/ComponentConcerns/RendersLivewireComponents.php(35): Illuminate\\View\\Engines\\CompilerEngine->get()
#5 /home/hanta/Desktop/Tackle Shop/Tackle_shop_admin/vendor/laravel/framework/src/Illuminate/View/View.php(152): Livewire\\LivewireViewCompilerEngine->get()
#6 /home/hanta/Desktop/Tackle Shop/Tackle_shop_admin/vendor/laravel/framework/src/Illuminate/View/View.php(135): Illuminate\\View\\View->getContents()
#7 /home/hanta/Desktop/Tackle Shop/Tackle_shop_admin/vendor/laravel/framework/src/Illuminate/View/View.php(104): Illuminate\\View\\View->renderContents()
#8 /home/hanta/Desktop/Tackle Shop/Tackle_shop_admin/vendor/laravel/framework/src/Illuminate/Http/Response.php(69): Illuminate\\View\\View->render()
#9 /home/hanta/Desktop/Tackle Shop/Tackle_shop_admin/vendor/laravel/framework/src/Illuminate/Http/Response.php(35): Illuminate\\Http\\Response->setContent()
#10 /home/hanta/Desktop/Tackle Shop/Tackle_shop_admin/vendor/laravel/framework/src/Illuminate/Routing/Router.php(835): Illuminate\\Http\\Response->__construct()
#11 /home/hanta/Desktop/Tackle Shop/Tackle_shop_admin/vendor/laravel/framework/src/Illuminate/Routing/Router.php(804): Illuminate\\Routing\\Router::toResponse()
#12 /home/hanta/Desktop/Tackle Shop/Tackle_shop_admin/vendor/laravel/framework/src/Illuminate/Routing/Router.php(727): Illuminate\\Routing\\Router->prepareResponse()
#13 /home/hanta/Desktop/Tackle Shop/Tackle_shop_admin/vendor/laravel/framework/src/Illuminate/Pipeline/Pipeline.php(141): Illuminate\\Routing\\Router->Illuminate\\Routing\\{closure}()
#14 /home/hanta/Desktop/Tackle Shop/Tackle_shop_admin/vendor/laravel/framework/src/Illuminate/Auth/Middleware/EnsureEmailIsVerified.php(30): Illuminate\\Pipeline\\Pipeline->Illuminate\\Pipeline\\{closure}()
#15 /home/hanta/Desktop/Tackle Shop/Tackle_shop_admin/vendor/laravel/framework/src/Illuminate/Pipeline/Pipeline.php(180): Illuminate\\Auth\\Middleware\\EnsureEmailIsVerified->handle()
#16 /home/hanta/Desktop/Tackle Shop/Tackle_shop_admin/app/Http/Middleware/AdminAuthMIddleware.php(29): Illuminate\\Pipeline\\Pipeline->Illuminate\\Pipeline\\{closure}()
#17 /home/hanta/Desktop/Tackle Shop/Tackle_shop_admin/vendor/laravel/framework/src/Illuminate/Pipeline/Pipeline.php(180): App\\Http\\Middleware\\AdminAuthMIddleware->handle()
#18 /home/hanta/Desktop/Tackle Shop/Tackle_shop_admin/vendor/laravel/framework/src/Illuminate/Routing/Middleware/SubstituteBindings.php(50): Illuminate\\Pipeline\\Pipeline->Illuminate\\Pipeline\\{closure}()
#19 /home/hanta/Desktop/Tackle Shop/Tackle_shop_admin/vendor/laravel/framework/src/Illuminate/Pipeline/Pipeline.php(180): Illuminate\\Routing\\Middleware\\SubstituteBindings->handle()
#20 /home/hanta/Desktop/Tackle Shop/Tackle_shop_admin/vendor/laravel/framework/src/Illuminate/Session/Middleware/AuthenticateSession.php(59): Illuminate\\Pipeline\\Pipeline->Illuminate\\Pipeline\\{closure}()
#21 /home/hanta/Desktop/Tackle Shop/Tackle_shop_admin/vendor/laravel/framework/src/Illuminate/Pipeline/Pipeline.php(180): Illuminate\\Session\\Middleware\\AuthenticateSession->handle()
#22 /home/hanta/Desktop/Tackle Shop/Tackle_shop_admin/vendor/laravel/framework/src/Illuminate/Auth/Middleware/Authenticate.php(44): Illuminate\\Pipeline\\Pipeline->Illuminate\\Pipeline\\{closure}()
#23 /home/hanta/Desktop/Tackle Shop/Tackle_shop_admin/vendor/laravel/framework/src/Illuminate/Pipeline/Pipeline.php(180): Illuminate\\Auth\\Middleware\\Authenticate->handle()
#24 /home/hanta/Desktop/Tackle Shop/Tackle_shop_admin/vendor/laravel/framework/src/Illuminate/Foundation/Http/Middleware/VerifyCsrfToken.php(78): Illuminate\\Pipeline\\Pipeline->Illuminate\\Pipeline\\{closure}()
#25 /home/hanta/Desktop/Tackle Shop/Tackle_shop_admin/vendor/laravel/framework/src/Illuminate/Pipeline/Pipeline.php(180): Illuminate\\Foundation\\Http\\Middleware\\VerifyCsrfToken->handle()
#26 /home/hanta/Desktop/Tackle Shop/Tackle_shop_admin/vendor/laravel/framework/src/Illuminate/View/Middleware/ShareErrorsFromSession.php(49): Illuminate\\Pipeline\\Pipeline->Illuminate\\Pipeline\\{closure}()
#27 /home/hanta/Desktop/Tackle Shop/Tackle_shop_admin/vendor/laravel/framework/src/Illuminate/Pipeline/Pipeline.php(180): Illuminate\\View\\Middleware\\ShareErrorsFromSession->handle()
#28 /home/hanta/Desktop/Tackle Shop/Tackle_shop_admin/vendor/laravel/framework/src/Illuminate/Session/Middleware/StartSession.php(121): Illuminate\\Pipeline\\Pipeline->Illuminate\\Pipeline\\{closure}()
#29 /home/hanta/Desktop/Tackle Shop/Tackle_shop_admin/vendor/laravel/framework/src/Illuminate/Session/Middleware/StartSession.php(64): Illuminate\\Session\\Middleware\\StartSession->handleStatefulRequest()
#30 /home/hanta/Desktop/Tackle Shop/Tackle_shop_admin/vendor/laravel/framework/src/Illuminate/Pipeline/Pipeline.php(180): Illuminate\\Session\\Middleware\\StartSession->handle()
#31 /home/hanta/Desktop/Tackle Shop/Tackle_shop_admin/vendor/laravel/framework/src/Illuminate/Cookie/Middleware/AddQueuedCookiesToResponse.php(37): Illuminate\\Pipeline\\Pipeline->Illuminate\\Pipeline\\{closure}()
#32 /home/hanta/Desktop/Tackle Shop/Tackle_shop_admin/vendor/laravel/framework/src/Illuminate/Pipeline/Pipeline.php(180): Illuminate\\Cookie\\Middleware\\AddQueuedCookiesToResponse->handle()
#33 /home/hanta/Desktop/Tackle Shop/Tackle_shop_admin/vendor/laravel/framework/src/Illuminate/Cookie/Middleware/EncryptCookies.php(67): Illuminate\\Pipeline\\Pipeline->Illuminate\\Pipeline\\{closure}()
#34 /home/hanta/Desktop/Tackle Shop/Tackle_shop_admin/vendor/laravel/framework/src/Illuminate/Pipeline/Pipeline.php(180): Illuminate\\Cookie\\Middleware\\EncryptCookies->handle()
#35 /home/hanta/Desktop/Tackle Shop/Tackle_shop_admin/vendor/laravel/framework/src/Illuminate/Pipeline/Pipeline.php(116): Illuminate\\Pipeline\\Pipeline->Illuminate\\Pipeline\\{closure}()
#36 /home/hanta/Desktop/Tackle Shop/Tackle_shop_admin/vendor/laravel/framework/src/Illuminate/Routing/Router.php(728): Illuminate\\Pipeline\\Pipeline->then()
#37 /home/hanta/Desktop/Tackle Shop/Tackle_shop_admin/vendor/laravel/framework/src/Illuminate/Routing/Router.php(705): Illuminate\\Routing\\Router->runRouteWithinStack()
#38 /home/hanta/Desktop/Tackle Shop/Tackle_shop_admin/vendor/laravel/framework/src/Illuminate/Routing/Router.php(669): Illuminate\\Routing\\Router->runRoute()
#39 /home/hanta/Desktop/Tackle Shop/Tackle_shop_admin/vendor/laravel/framework/src/Illuminate/Routing/Router.php(658): Illuminate\\Routing\\Router->dispatchToRoute()
#40 /home/hanta/Desktop/Tackle Shop/Tackle_shop_admin/vendor/laravel/framework/src/Illuminate/Foundation/Http/Kernel.php(190): Illuminate\\Routing\\Router->dispatch()
#41 /home/hanta/Desktop/Tackle Shop/Tackle_shop_admin/vendor/laravel/framework/src/Illuminate/Pipeline/Pipeline.php(141): Illuminate\\Foundation\\Http\\Kernel->Illuminate\\Foundation\\Http\\{closure}()
#42 /home/hanta/Desktop/Tackle Shop/Tackle_shop_admin/vendor/livewire/livewire/src/DisableBrowserCache.php(19): Illuminate\\Pipeline\\Pipeline->Illuminate\\Pipeline\\{closure}()
#43 /home/hanta/Desktop/Tackle Shop/Tackle_shop_admin/vendor/laravel/framework/src/Illuminate/Pipeline/Pipeline.php(180): Livewire\\DisableBrowserCache->handle()
#44 /home/hanta/Desktop/Tackle Shop/Tackle_shop_admin/vendor/laravel/framework/src/Illuminate/Foundation/Http/Middleware/TransformsRequest.php(21): Illuminate\\Pipeline\\Pipeline->Illuminate\\Pipeline\\{closure}()
#45 /home/hanta/Desktop/Tackle Shop/Tackle_shop_admin/vendor/laravel/framework/src/Illuminate/Foundation/Http/Middleware/ConvertEmptyStringsToNull.php(31): Illuminate\\Foundation\\Http\\Middleware\\TransformsRequest->handle()
#46 /home/hanta/Desktop/Tackle Shop/Tackle_shop_admin/vendor/laravel/framework/src/Illuminate/Pipeline/Pipeline.php(180): Illuminate\\Foundation\\Http\\Middleware\\ConvertEmptyStringsToNull->handle()
#47 /home/hanta/Desktop/Tackle Shop/Tackle_shop_admin/vendor/laravel/framework/src/Illuminate/Foundation/Http/Middleware/TransformsRequest.php(21): Illuminate\\Pipeline\\Pipeline->Illuminate\\Pipeline\\{closure}()
#48 /home/hanta/Desktop/Tackle Shop/Tackle_shop_admin/vendor/laravel/framework/src/Illuminate/Foundation/Http/Middleware/TrimStrings.php(40): Illuminate\\Foundation\\Http\\Middleware\\TransformsRequest->handle()
#49 /home/hanta/Desktop/Tackle Shop/Tackle_shop_admin/vendor/laravel/framework/src/Illuminate/Pipeline/Pipeline.php(180): Illuminate\\Foundation\\Http\\Middleware\\TrimStrings->handle()
#50 /home/hanta/Desktop/Tackle Shop/Tackle_shop_admin/vendor/laravel/framework/src/Illuminate/Foundation/Http/Middleware/ValidatePostSize.php(27): Illuminate\\Pipeline\\Pipeline->Illuminate\\Pipeline\\{closure}()
#51 /home/hanta/Desktop/Tackle Shop/Tackle_shop_admin/vendor/laravel/framework/src/Illuminate/Pipeline/Pipeline.php(180): Illuminate\\Foundation\\Http\\Middleware\\ValidatePostSize->handle()
#52 /home/hanta/Desktop/Tackle Shop/Tackle_shop_admin/vendor/laravel/framework/src/Illuminate/Foundation/Http/Middleware/PreventRequestsDuringMaintenance.php(86): Illuminate\\Pipeline\\Pipeline->Illuminate\\Pipeline\\{closure}()
#53 /home/hanta/Desktop/Tackle Shop/Tackle_shop_admin/vendor/laravel/framework/src/Illuminate/Pipeline/Pipeline.php(180): Illuminate\\Foundation\\Http\\Middleware\\PreventRequestsDuringMaintenance->handle()
#54 /home/hanta/Desktop/Tackle Shop/Tackle_shop_admin/vendor/laravel/framework/src/Illuminate/Http/Middleware/HandleCors.php(49): Illuminate\\Pipeline\\Pipeline->Illuminate\\Pipeline\\{closure}()
#55 /home/hanta/Desktop/Tackle Shop/Tackle_shop_admin/vendor/laravel/framework/src/Illuminate/Pipeline/Pipeline.php(180): Illuminate\\Http\\Middleware\\HandleCors->handle()
#56 /home/hanta/Desktop/Tackle Shop/Tackle_shop_admin/vendor/laravel/framework/src/Illuminate/Http/Middleware/TrustProxies.php(39): Illuminate\\Pipeline\\Pipeline->Illuminate\\Pipeline\\{closure}()
#57 /home/hanta/Desktop/Tackle Shop/Tackle_shop_admin/vendor/laravel/framework/src/Illuminate/Pipeline/Pipeline.php(180): Illuminate\\Http\\Middleware\\TrustProxies->handle()
#58 /home/hanta/Desktop/Tackle Shop/Tackle_shop_admin/vendor/laravel/framework/src/Illuminate/Pipeline/Pipeline.php(116): Illuminate\\Pipeline\\Pipeline->Illuminate\\Pipeline\\{closure}()
#59 /home/hanta/Desktop/Tackle Shop/Tackle_shop_admin/vendor/laravel/framework/src/Illuminate/Foundation/Http/Kernel.php(165): Illuminate\\Pipeline\\Pipeline->then()
#60 /home/hanta/Desktop/Tackle Shop/Tackle_shop_admin/vendor/laravel/framework/src/Illuminate/Foundation/Http/Kernel.php(134): Illuminate\\Foundation\\Http\\Kernel->sendRequestThroughRouter()
#61 /home/hanta/Desktop/Tackle Shop/Tackle_shop_admin/public/index.php(52): Illuminate\\Foundation\\Http\\Kernel->handle()
#62 /home/hanta/Desktop/Tackle Shop/Tackle_shop_admin/vendor/laravel/framework/src/Illuminate/Foundation/resources/server.php(16): require_once('...')
#63 {main}

[previous exception] [object] (ParseError(code: 0): Invalid numeric literal at /home/hanta/Desktop/Tackle Shop/Tackle_shop_admin/storage/framework/views/ba123cb59974f0679f4f44276caa27350b378500.php:44)
[stacktrace]
#0 /home/hanta/Desktop/Tackle Shop/Tackle_shop_admin/vendor/laravel/framework/src/Illuminate/Filesystem/Filesystem.php(110): Illuminate\\Filesystem\\Filesystem::Illuminate\\Filesystem\\{closure}()
#1 /home/hanta/Desktop/Tackle Shop/Tackle_shop_admin/vendor/laravel/framework/src/Illuminate/View/Engines/PhpEngine.php(58): Illuminate\\Filesystem\\Filesystem->getRequire()
#2 /home/hanta/Desktop/Tackle Shop/Tackle_shop_admin/vendor/livewire/livewire/src/ComponentConcerns/RendersLivewireComponents.php(69): Illuminate\\View\\Engines\\PhpEngine->evaluatePath()
#3 /home/hanta/Desktop/Tackle Shop/Tackle_shop_admin/vendor/laravel/framework/src/Illuminate/View/Engines/CompilerEngine.php(70): Livewire\\LivewireViewCompilerEngine->evaluatePath()
#4 /home/hanta/Desktop/Tackle Shop/Tackle_shop_admin/vendor/livewire/livewire/src/ComponentConcerns/RendersLivewireComponents.php(35): Illuminate\\View\\Engines\\CompilerEngine->get()
#5 /home/hanta/Desktop/Tackle Shop/Tackle_shop_admin/vendor/laravel/framework/src/Illuminate/View/View.php(152): Livewire\\LivewireViewCompilerEngine->get()
#6 /home/hanta/Desktop/Tackle Shop/Tackle_shop_admin/vendor/laravel/framework/src/Illuminate/View/View.php(135): Illuminate\\View\\View->getContents()
#7 /home/hanta/Desktop/Tackle Shop/Tackle_shop_admin/vendor/laravel/framework/src/Illuminate/View/View.php(104): Illuminate\\View\\View->renderContents()
#8 /home/hanta/Desktop/Tackle Shop/Tackle_shop_admin/vendor/laravel/framework/src/Illuminate/Http/Response.php(69): Illuminate\\View\\View->render()
#9 /home/hanta/Desktop/Tackle Shop/Tackle_shop_admin/vendor/laravel/framework/src/Illuminate/Http/Response.php(35): Illuminate\\Http\\Response->setContent()
#10 /home/hanta/Desktop/Tackle Shop/Tackle_shop_admin/vendor/laravel/framework/src/Illuminate/Routing/Router.php(835): Illuminate\\Http\\Response->__construct()
#11 /home/hanta/Desktop/Tackle Shop/Tackle_shop_admin/vendor/laravel/framework/src/Illuminate/Routing/Router.php(804): Illuminate\\Routing\\Router::toResponse()
#12 /home/hanta/Desktop/Tackle Shop/Tackle_shop_admin/vendor/laravel/framework/src/Illuminate/Routing/Router.php(727): Illuminate\\Routing\\Router->prepareResponse()
#13 /home/hanta/Desktop/Tackle Shop/Tackle_shop_admin/vendor/laravel/framework/src/Illuminate/Pipeline/Pipeline.php(141): Illuminate\\Routing\\Router->Illuminate\\Routing\\{closure}()
#14 /home/hanta/Desktop/Tackle Shop/Tackle_shop_admin/vendor/laravel/framework/src/Illuminate/Auth/Middleware/EnsureEmailIsVerified.php(30): Illuminate\\Pipeline\\Pipeline->Illuminate\\Pipeline\\{closure}()
#15 /home/hanta/Desktop/Tackle Shop/Tackle_shop_admin/vendor/laravel/framework/src/Illuminate/Pipeline/Pipeline.php(180): Illuminate\\Auth\\Middleware\\EnsureEmailIsVerified->handle()
#16 /home/hanta/Desktop/Tackle Shop/Tackle_shop_admin/app/Http/Middleware/AdminAuthMIddleware.php(29): Illuminate\\Pipeline\\Pipeline->Illuminate\\Pipeline\\{closure}()
#17 /home/hanta/Desktop/Tackle Shop/Tackle_shop_admin/vendor/laravel/framework/src/Illuminate/Pipeline/Pipeline.php(180): App\\Http\\Middleware\\AdminAuthMIddleware->handle()
#18 /home/hanta/Desktop/Tackle Shop/Tackle_shop_admin/vendor/laravel/framework/src/Illuminate/Routing/Middleware/SubstituteBindings.php(50): Illuminate\\Pipeline\\Pipeline->Illuminate\\Pipeline\\{closure}()
#19 /home/hanta/Desktop/Tackle Shop/Tackle_shop_admin/vendor/laravel/framework/src/Illuminate/Pipeline/Pipeline.php(180): Illuminate\\Routing\\Middleware\\SubstituteBindings->handle()
#20 /home/hanta/Desktop/Tackle Shop/Tackle_shop_admin/vendor/laravel/framework/src/Illuminate/Session/Middleware/AuthenticateSession.php(59): Illuminate\\Pipeline\\Pipeline->Illuminate\\Pipeline\\{closure}()
#21 /home/hanta/Desktop/Tackle Shop/Tackle_shop_admin/vendor/laravel/framework/src/Illuminate/Pipeline/Pipeline.php(180): Illuminate\\Session\\Middleware\\AuthenticateSession->handle()
#22 /home/hanta/Desktop/Tackle Shop/Tackle_shop_admin/vendor/laravel/framework/src/Illuminate/Auth/Middleware/Authenticate.php(44): Illuminate\\Pipeline\\Pipeline->Illuminate\\Pipeline\\{closure}()
#23 /home/hanta/Desktop/Tackle Shop/Tackle_shop_admin/vendor/laravel/framework/src/Illuminate/Pipeline/Pipeline.php(180): Illuminate\\Auth\\Middleware\\Authenticate->handle()
#24 /home/hanta/Desktop/Tackle Shop/Tackle_shop_admin/vendor/laravel/framework/src/Illuminate/Foundation/Http/Middleware/VerifyCsrfToken.php(78): Illuminate\\Pipeline\\Pipeline->Illuminate\\Pipeline\\{closure}()
#25 /home/hanta/Desktop/Tackle Shop/Tackle_shop_admin/vendor/laravel/framework/src/Illuminate/Pipeline/Pipeline.php(180): Illuminate\\Foundation\\Http\\Middleware\\VerifyCsrfToken->handle()
#26 /home/hanta/Desktop/Tackle Shop/Tackle_shop_admin/vendor/laravel/framework/src/Illuminate/View/Middleware/ShareErrorsFromSession.php(49): Illuminate\\Pipeline\\Pipeline->Illuminate\\Pipeline\\{closure}()
#27 /home/hanta/Desktop/Tackle Shop/Tackle_shop_admin/vendor/laravel/framework/src/Illuminate/Pipeline/Pipeline.php(180): Illuminate\\View\\Middleware\\ShareErrorsFromSession->handle()
#28 /home/hanta/Desktop/Tackle Shop/Tackle_shop_admin/vendor/laravel/framework/src/Illuminate/Session/Middleware/StartSession.php(121): Illuminate\\Pipeline\\Pipeline->Illuminate\\Pipeline\\{closure}()
#29 /home/hanta/Desktop/Tackle Shop/Tackle_shop_admin/vendor/laravel/framework/src/Illuminate/Session/Middleware/StartSession.php(64): Illuminate\\Session\\Middleware\\StartSession->handleStatefulRequest()
#30 /home/hanta/Desktop/Tackle Shop/Tackle_shop_admin/vendor/laravel/framework/src/Illuminate/Pipeline/Pipeline.php(180): Illuminate\\Session\\Middleware\\StartSession->handle()
#31 /home/hanta/Desktop/Tackle Shop/Tackle_shop_admin/vendor/laravel/framework/src/Illuminate/Cookie/Middleware/AddQueuedCookiesToResponse.php(37): Illuminate\\Pipeline\\Pipeline->Illuminate\\Pipeline\\{closure}()
#32 /home/hanta/Desktop/Tackle Shop/Tackle_shop_admin/vendor/laravel/framework/src/Illuminate/Pipeline/Pipeline.php(180): Illuminate\\Cookie\\Middleware\\AddQueuedCookiesToResponse->handle()
#33 /home/hanta/Desktop/Tackle Shop/Tackle_shop_admin/vendor/laravel/framework/src/Illuminate/Cookie/Middleware/EncryptCookies.php(67): Illuminate\\Pipeline\\Pipeline->Illuminate\\Pipeline\\{closure}()
#34 /home/hanta/Desktop/Tackle Shop/Tackle_shop_admin/vendor/laravel/framework/src/Illuminate/Pipeline/Pipeline.php(180): Illuminate\\Cookie\\Middleware\\EncryptCookies->handle()
#35 /home/hanta/Desktop/Tackle Shop/Tackle_shop_admin/vendor/laravel/framework/src/Illuminate/Pipeline/Pipeline.php(116): Illuminate\\Pipeline\\Pipeline->Illuminate\\Pipeline\\{closure}()
#36 /home/hanta/Desktop/Tackle Shop/Tackle_shop_admin/vendor/laravel/framework/src/Illuminate/Routing/Router.php(728): Illuminate\\Pipeline\\Pipeline->then()
#37 /home/hanta/Desktop/Tackle Shop/Tackle_shop_admin/vendor/laravel/framework/src/Illuminate/Routing/Router.php(705): Illuminate\\Routing\\Router->runRouteWithinStack()
#38 /home/hanta/Desktop/Tackle Shop/Tackle_shop_admin/vendor/laravel/framework/src/Illuminate/Routing/Router.php(669): Illuminate\\Routing\\Router->runRoute()
#39 /home/hanta/Desktop/Tackle Shop/Tackle_shop_admin/vendor/laravel/framework/src/Illuminate/Routing/Router.php(658): Illuminate\\Routing\\Router->dispatchToRoute()
#40 /home/hanta/Desktop/Tackle Shop/Tackle_shop_admin/vendor/laravel/framework/src/Illuminate/Foundation/Http/Kernel.php(190): Illuminate\\Routing\\Router->dispatch()
#41 /home/hanta/Desktop/Tackle Shop/Tackle_shop_admin/vendor/laravel/framework/src/Illuminate/Pipeline/Pipeline.php(141): Illuminate\\Foundation\\Http\\Kernel->Illuminate\\Foundation\\Http\\{closure}()
#42 /home/hanta/Desktop/Tackle Shop/Tackle_shop_admin/vendor/livewire/livewire/src/DisableBrowserCache.php(19): Illuminate\\Pipeline\\Pipeline->Illuminate\\Pipeline\\{closure}()
#43 /home/hanta/Desktop/Tackle Shop/Tackle_shop_admin/vendor/laravel/framework/src/Illuminate/Pipeline/Pipeline.php(180): Livewire\\DisableBrowserCache->handle()
#44 /home/hanta/Desktop/Tackle Shop/Tackle_shop_admin/vendor/laravel/framework/src/Illuminate/Foundation/Http/Middleware/TransformsRequest.php(21): Illuminate\\Pipeline\\Pipeline->Illuminate\\Pipeline\\{closure}()
#45 /home/hanta/Desktop/Tackle Shop/Tackle_shop_admin/vendor/laravel/framework/src/Illuminate/Foundation/Http/Middleware/ConvertEmptyStringsToNull.php(31): Illuminate\\Foundation\\Http\\Middleware\\TransformsRequest->handle()
#46 /home/hanta/Desktop/Tackle Shop/Tackle_shop_admin/vendor/laravel/framework/src/Illuminate/Pipeline/Pipeline.php(180): Illuminate\\Foundation\\Http\\Middleware\\ConvertEmptyStringsToNull->handle()
#47 /home/hanta/Desktop/Tackle Shop/Tackle_shop_admin/vendor/laravel/framework/src/Illuminate/Foundation/Http/Middleware/TransformsRequest.php(21): Illuminate\\Pipeline\\Pipeline->Illuminate\\Pipeline\\{closure}()
#48 /home/hanta/Desktop/Tackle Shop/Tackle_shop_admin/vendor/laravel/framework/src/Illuminate/Foundation/Http/Middleware/TrimStrings.php(40): Illuminate\\Foundation\\Http\\Middleware\\TransformsRequest->handle()
#49 /home/hanta/Desktop/Tackle Shop/Tackle_shop_admin/vendor/laravel/framework/src/Illuminate/Pipeline/Pipeline.php(180): Illuminate\\Foundation\\Http\\Middleware\\TrimStrings->handle()
#50 /home/hanta/Desktop/Tackle Shop/Tackle_shop_admin/vendor/laravel/framework/src/Illuminate/Foundation/Http/Middleware/ValidatePostSize.php(27): Illuminate\\Pipeline\\Pipeline->Illuminate\\Pipeline\\{closure}()
#51 /home/hanta/Desktop/Tackle Shop/Tackle_shop_admin/vendor/laravel/framework/src/Illuminate/Pipeline/Pipeline.php(180): Illuminate\\Foundation\\Http\\Middleware\\ValidatePostSize->handle()
#52 /home/hanta/Desktop/Tackle Shop/Tackle_shop_admin/vendor/laravel/framework/src/Illuminate/Foundation/Http/Middleware/PreventRequestsDuringMaintenance.php(86): Illuminate\\Pipeline\\Pipeline->Illuminate\\Pipeline\\{closure}()
#53 /home/hanta/Desktop/Tackle Shop/Tackle_shop_admin/vendor/laravel/framework/src/Illuminate/Pipeline/Pipeline.php(180): Illuminate\\Foundation\\Http\\Middleware\\PreventRequestsDuringMaintenance->handle()
#54 /home/hanta/Desktop/Tackle Shop/Tackle_shop_admin/vendor/laravel/framework/src/Illuminate/Http/Middleware/HandleCors.php(49): Illuminate\\Pipeline\\Pipeline->Illuminate\\Pipeline\\{closure}()
#55 /home/hanta/Desktop/Tackle Shop/Tackle_shop_admin/vendor/laravel/framework/src/Illuminate/Pipeline/Pipeline.php(180): Illuminate\\Http\\Middleware\\HandleCors->handle()
#56 /home/hanta/Desktop/Tackle Shop/Tackle_shop_admin/vendor/laravel/framework/src/Illuminate/Http/Middleware/TrustProxies.php(39): Illuminate\\Pipeline\\Pipeline->Illuminate\\Pipeline\\{closure}()
#57 /home/hanta/Desktop/Tackle Shop/Tackle_shop_admin/vendor/laravel/framework/src/Illuminate/Pipeline/Pipeline.php(180): Illuminate\\Http\\Middleware\\TrustProxies->handle()
#58 /home/hanta/Desktop/Tackle Shop/Tackle_shop_admin/vendor/laravel/framework/src/Illuminate/Pipeline/Pipeline.php(116): Illuminate\\Pipeline\\Pipeline->Illuminate\\Pipeline\\{closure}()
#59 /home/hanta/Desktop/Tackle Shop/Tackle_shop_admin/vendor/laravel/framework/src/Illuminate/Foundation/Http/Kernel.php(165): Illuminate\\Pipeline\\Pipeline->then()
#60 /home/hanta/Desktop/Tackle Shop/Tackle_shop_admin/vendor/laravel/framework/src/Illuminate/Foundation/Http/Kernel.php(134): Illuminate\\Foundation\\Http\\Kernel->sendRequestThroughRouter()
#61 /home/hanta/Desktop/Tackle Shop/Tackle_shop_admin/public/index.php(52): Illuminate\\Foundation\\Http\\Kernel->handle()
#62 /home/hanta/Desktop/Tackle Shop/Tackle_shop_admin/vendor/laravel/framework/src/Illuminate/Foundation/resources/server.php(16): require_once('...')
#63 {main}
"} 
